This file contains any messages produced by compilers while
running configure, to aid debugging if configure makes a mistake.

It was created by Geany configure 1.24, which was
generated by GNU Autoconf 2.68.  Invocation command line was

  $ ./configure --prefix=/usr/

## --------- ##
## Platform. ##
## --------- ##

hostname = juvasquezg
uname -m = i686
uname -r = 3.2.0-51-generic
uname -s = Linux
uname -v = #77-Ubuntu SMP Wed Jul 24 20:21:10 UTC 2013

/usr/bin/uname -p = unknown
/bin/uname -X     = unknown

/bin/arch              = unknown
/usr/bin/arch -k       = unknown
/usr/convex/getsysinfo = unknown
/usr/bin/hostinfo      = unknown
/bin/machine           = unknown
/usr/bin/oslevel       = unknown
/bin/universe          = unknown

PATH: /home/juvasquezg/.nvm/v0.10.12/bin
PATH: /usr/lib/lightdm/lightdm
PATH: /usr/local/sbin
PATH: /usr/local/bin
PATH: /usr/sbin
PATH: /usr/bin
PATH: /sbin
PATH: /bin
PATH: /usr/games
PATH: /home/juvasquezg/.rvm/bin


## ----------- ##
## Core tests. ##
## ----------- ##

configure:2526: checking for a BSD-compatible install
configure:2594: result: /usr/bin/install -c
configure:2605: checking whether build environment is sane
configure:2655: result: yes
configure:2796: checking for a thread-safe mkdir -p
configure:2835: result: /bin/mkdir -p
configure:2848: checking for gawk
configure:2864: found /usr/bin/gawk
configure:2875: result: gawk
configure:2886: checking whether make sets $(MAKE)
configure:2908: result: yes
configure:3002: checking whether make supports nested variables
configure:3019: result: yes
configure:3075: checking for style of include used by make
configure:3103: result: GNU
configure:3174: checking for gcc
configure:3190: found /usr/bin/gcc
configure:3201: result: gcc
configure:3430: checking for C compiler version
configure:3439: gcc --version >&5
gcc (Ubuntu/Linaro 4.6.3-1ubuntu5) 4.6.3
Copyright (C) 2011 Free Software Foundation, Inc.
This is free software; see the source for copying conditions.  There is NO
warranty; not even for MERCHANTABILITY or FITNESS FOR A PARTICULAR PURPOSE.

configure:3450: $? = 0
configure:3439: gcc -v >&5
Using built-in specs.
COLLECT_GCC=gcc
COLLECT_LTO_WRAPPER=/usr/lib/gcc/i686-linux-gnu/4.6/lto-wrapper
Target: i686-linux-gnu
Configured with: ../src/configure -v --with-pkgversion='Ubuntu/Linaro 4.6.3-1ubuntu5' --with-bugurl=file:///usr/share/doc/gcc-4.6/README.Bugs --enable-languages=c,c++,fortran,objc,obj-c++ --prefix=/usr --program-suffix=-4.6 --enable-shared --enable-linker-build-id --with-system-zlib --libexecdir=/usr/lib --without-included-gettext --enable-threads=posix --with-gxx-include-dir=/usr/include/c++/4.6 --libdir=/usr/lib --enable-nls --with-sysroot=/ --enable-clocale=gnu --enable-libstdcxx-debug --enable-libstdcxx-time=yes --enable-gnu-unique-object --enable-plugin --enable-objc-gc --enable-targets=all --disable-werror --with-arch-32=i686 --with-tune=generic --enable-checking=release --build=i686-linux-gnu --host=i686-linux-gnu --target=i686-linux-gnu
Thread model: posix
gcc version 4.6.3 (Ubuntu/Linaro 4.6.3-1ubuntu5) 
configure:3450: $? = 0
configure:3439: gcc -V >&5
gcc: error: unrecognized option '-V'
gcc: fatal error: no input files
compilation terminated.
configure:3450: $? = 4
configure:3439: gcc -qversion >&5
gcc: error: unrecognized option '-qversion'
gcc: fatal error: no input files
compilation terminated.
configure:3450: $? = 4
configure:3470: checking whether the C compiler works
configure:3492: gcc    conftest.c  >&5
configure:3496: $? = 0
configure:3544: result: yes
configure:3547: checking for C compiler default output file name
configure:3549: result: a.out
configure:3555: checking for suffix of executables
configure:3562: gcc -o conftest    conftest.c  >&5
configure:3566: $? = 0
configure:3588: result: 
configure:3610: checking whether we are cross compiling
configure:3618: gcc -o conftest    conftest.c  >&5
configure:3622: $? = 0
configure:3629: ./conftest
configure:3633: $? = 0
configure:3648: result: no
configure:3653: checking for suffix of object files
configure:3675: gcc -c   conftest.c >&5
configure:3679: $? = 0
configure:3700: result: o
configure:3704: checking whether we are using the GNU C compiler
configure:3723: gcc -c   conftest.c >&5
configure:3723: $? = 0
configure:3732: result: yes
configure:3741: checking whether gcc accepts -g
configure:3761: gcc -c -g  conftest.c >&5
configure:3761: $? = 0
configure:3802: result: yes
configure:3819: checking for gcc option to accept ISO C89
configure:3883: gcc  -c -g -O2  conftest.c >&5
configure:3883: $? = 0
configure:3896: result: none needed
configure:3918: checking dependency style of gcc
configure:4029: result: gcc3
configure:4050: checking how to run the C preprocessor
configure:4081: gcc -E  conftest.c
configure:4081: $? = 0
configure:4095: gcc -E  conftest.c
conftest.c:11:28: fatal error: ac_nonexistent.h: No such file or directory
compilation terminated.
configure:4095: $? = 1
configure: failed program was:
| /* confdefs.h */
| #define PACKAGE_NAME "Geany"
| #define PACKAGE_TARNAME "geany"
| #define PACKAGE_VERSION "1.24"
| #define PACKAGE_STRING "Geany 1.24"
| #define PACKAGE_BUGREPORT "https://sourceforge.net/tracker/?group_id=153444&atid=787791"
| #define PACKAGE_URL ""
| #define PACKAGE "geany"
| #define VERSION "1.24"
| /* end confdefs.h.  */
| #include <ac_nonexistent.h>
configure:4120: result: gcc -E
configure:4140: gcc -E  conftest.c
configure:4140: $? = 0
configure:4154: gcc -E  conftest.c
conftest.c:11:28: fatal error: ac_nonexistent.h: No such file or directory
compilation terminated.
configure:4154: $? = 1
configure: failed program was:
| /* confdefs.h */
| #define PACKAGE_NAME "Geany"
| #define PACKAGE_TARNAME "geany"
| #define PACKAGE_VERSION "1.24"
| #define PACKAGE_STRING "Geany 1.24"
| #define PACKAGE_BUGREPORT "https://sourceforge.net/tracker/?group_id=153444&atid=787791"
| #define PACKAGE_URL ""
| #define PACKAGE "geany"
| #define VERSION "1.24"
| /* end confdefs.h.  */
| #include <ac_nonexistent.h>
configure:4183: checking for grep that handles long lines and -e
configure:4241: result: /bin/grep
configure:4246: checking for egrep
configure:4308: result: /bin/grep -E
configure:4313: checking for ANSI C header files
configure:4333: gcc -c -g -O2  conftest.c >&5
configure:4333: $? = 0
configure:4406: gcc -o conftest -g -O2   conftest.c  >&5
configure:4406: $? = 0
configure:4406: ./conftest
configure:4406: $? = 0
configure:4417: result: yes
configure:4430: checking for sys/types.h
configure:4430: gcc -c -g -O2  conftest.c >&5
configure:4430: $? = 0
configure:4430: result: yes
configure:4430: checking for sys/stat.h
configure:4430: gcc -c -g -O2  conftest.c >&5
configure:4430: $? = 0
configure:4430: result: yes
configure:4430: checking for stdlib.h
configure:4430: gcc -c -g -O2  conftest.c >&5
configure:4430: $? = 0
configure:4430: result: yes
configure:4430: checking for string.h
configure:4430: gcc -c -g -O2  conftest.c >&5
configure:4430: $? = 0
configure:4430: result: yes
configure:4430: checking for memory.h
configure:4430: gcc -c -g -O2  conftest.c >&5
configure:4430: $? = 0
configure:4430: result: yes
configure:4430: checking for strings.h
configure:4430: gcc -c -g -O2  conftest.c >&5
configure:4430: $? = 0
configure:4430: result: yes
configure:4430: checking for inttypes.h
configure:4430: gcc -c -g -O2  conftest.c >&5
configure:4430: $? = 0
configure:4430: result: yes
configure:4430: checking for stdint.h
configure:4430: gcc -c -g -O2  conftest.c >&5
configure:4430: $? = 0
configure:4430: result: yes
configure:4430: checking for unistd.h
configure:4430: gcc -c -g -O2  conftest.c >&5
configure:4430: $? = 0
configure:4430: result: yes
configure:4443: checking minix/config.h usability
configure:4443: gcc -c -g -O2  conftest.c >&5
conftest.c:54:26: fatal error: minix/config.h: No such file or directory
compilation terminated.
configure:4443: $? = 1
configure: failed program was:
| /* confdefs.h */
| #define PACKAGE_NAME "Geany"
| #define PACKAGE_TARNAME "geany"
| #define PACKAGE_VERSION "1.24"
| #define PACKAGE_STRING "Geany 1.24"
| #define PACKAGE_BUGREPORT "https://sourceforge.net/tracker/?group_id=153444&atid=787791"
| #define PACKAGE_URL ""
| #define PACKAGE "geany"
| #define VERSION "1.24"
| #define STDC_HEADERS 1
| #define HAVE_SYS_TYPES_H 1
| #define HAVE_SYS_STAT_H 1
| #define HAVE_STDLIB_H 1
| #define HAVE_STRING_H 1
| #define HAVE_MEMORY_H 1
| #define HAVE_STRINGS_H 1
| #define HAVE_INTTYPES_H 1
| #define HAVE_STDINT_H 1
| #define HAVE_UNISTD_H 1
| /* end confdefs.h.  */
| #include <stdio.h>
| #ifdef HAVE_SYS_TYPES_H
| # include <sys/types.h>
| #endif
| #ifdef HAVE_SYS_STAT_H
| # include <sys/stat.h>
| #endif
| #ifdef STDC_HEADERS
| # include <stdlib.h>
| # include <stddef.h>
| #else
| # ifdef HAVE_STDLIB_H
| #  include <stdlib.h>
| # endif
| #endif
| #ifdef HAVE_STRING_H
| # if !defined STDC_HEADERS && defined HAVE_MEMORY_H
| #  include <memory.h>
| # endif
| # include <string.h>
| #endif
| #ifdef HAVE_STRINGS_H
| # include <strings.h>
| #endif
| #ifdef HAVE_INTTYPES_H
| # include <inttypes.h>
| #endif
| #ifdef HAVE_STDINT_H
| # include <stdint.h>
| #endif
| #ifdef HAVE_UNISTD_H
| # include <unistd.h>
| #endif
| #include <minix/config.h>
configure:4443: result: no
configure:4443: checking minix/config.h presence
configure:4443: gcc -E  conftest.c
conftest.c:21:26: fatal error: minix/config.h: No such file or directory
compilation terminated.
configure:4443: $? = 1
configure: failed program was:
| /* confdefs.h */
| #define PACKAGE_NAME "Geany"
| #define PACKAGE_TARNAME "geany"
| #define PACKAGE_VERSION "1.24"
| #define PACKAGE_STRING "Geany 1.24"
| #define PACKAGE_BUGREPORT "https://sourceforge.net/tracker/?group_id=153444&atid=787791"
| #define PACKAGE_URL ""
| #define PACKAGE "geany"
| #define VERSION "1.24"
| #define STDC_HEADERS 1
| #define HAVE_SYS_TYPES_H 1
| #define HAVE_SYS_STAT_H 1
| #define HAVE_STDLIB_H 1
| #define HAVE_STRING_H 1
| #define HAVE_MEMORY_H 1
| #define HAVE_STRINGS_H 1
| #define HAVE_INTTYPES_H 1
| #define HAVE_STDINT_H 1
| #define HAVE_UNISTD_H 1
| /* end confdefs.h.  */
| #include <minix/config.h>
configure:4443: result: no
configure:4443: checking for minix/config.h
configure:4443: result: no
configure:4464: checking whether it is safe to define __EXTENSIONS__
configure:4482: gcc -c -g -O2  conftest.c >&5
configure:4482: $? = 0
configure:4489: result: yes
configure:4553: checking for ar
configure:4569: found /usr/bin/ar
configure:4580: result: ar
configure:4606: checking the archiver (ar) interface
configure:4616: gcc -c -g -O2  conftest.c >&5
configure:4616: $? = 0
configure:4618: ar cru libconftest.a conftest.o >&5
configure:4621: $? = 0
configure:4644: result: ar
configure:4712: checking for gcc
configure:4739: result: gcc
configure:4968: checking for C compiler version
configure:4977: gcc --version >&5
gcc (Ubuntu/Linaro 4.6.3-1ubuntu5) 4.6.3
Copyright (C) 2011 Free Software Foundation, Inc.
This is free software; see the source for copying conditions.  There is NO
warranty; not even for MERCHANTABILITY or FITNESS FOR A PARTICULAR PURPOSE.

configure:4988: $? = 0
configure:4977: gcc -v >&5
Using built-in specs.
COLLECT_GCC=gcc
COLLECT_LTO_WRAPPER=/usr/lib/gcc/i686-linux-gnu/4.6/lto-wrapper
Target: i686-linux-gnu
Configured with: ../src/configure -v --with-pkgversion='Ubuntu/Linaro 4.6.3-1ubuntu5' --with-bugurl=file:///usr/share/doc/gcc-4.6/README.Bugs --enable-languages=c,c++,fortran,objc,obj-c++ --prefix=/usr --program-suffix=-4.6 --enable-shared --enable-linker-build-id --with-system-zlib --libexecdir=/usr/lib --without-included-gettext --enable-threads=posix --with-gxx-include-dir=/usr/include/c++/4.6 --libdir=/usr/lib --enable-nls --with-sysroot=/ --enable-clocale=gnu --enable-libstdcxx-debug --enable-libstdcxx-time=yes --enable-gnu-unique-object --enable-plugin --enable-objc-gc --enable-targets=all --disable-werror --with-arch-32=i686 --with-tune=generic --enable-checking=release --build=i686-linux-gnu --host=i686-linux-gnu --target=i686-linux-gnu
Thread model: posix
gcc version 4.6.3 (Ubuntu/Linaro 4.6.3-1ubuntu5) 
configure:4988: $? = 0
configure:4977: gcc -V >&5
gcc: error: unrecognized option '-V'
gcc: fatal error: no input files
compilation terminated.
configure:4988: $? = 4
configure:4977: gcc -qversion >&5
gcc: error: unrecognized option '-qversion'
gcc: fatal error: no input files
compilation terminated.
configure:4988: $? = 4
configure:4992: checking whether we are using the GNU C compiler
configure:5020: result: yes
configure:5029: checking whether gcc accepts -g
configure:5090: result: yes
configure:5107: checking for gcc option to accept ISO C89
configure:5184: result: none needed
configure:5206: checking dependency style of gcc
configure:5317: result: gcc3
configure:5332: checking for gcc option to accept ISO C99
configure:5481: gcc  -c -g -O2  conftest.c >&5
conftest.c:76:29: error: expected ';', ',' or ')' before 'text'
conftest.c: In function 'main':
conftest.c:130:18: error: expected '=', ',', ';', 'asm' or '__attribute__' before 'newvar'
conftest.c:130:18: error: 'newvar' undeclared (first use in this function)
conftest.c:130:18: note: each undeclared identifier is reported only once for each function it appears in
conftest.c:140:3: error: 'for' loop initial declarations are only allowed in C99 mode
conftest.c:140:3: note: use option -std=c99 or -std=gnu99 to compile your code
configure:5481: $? = 1
configure: failed program was:
| /* confdefs.h */
| #define PACKAGE_NAME "Geany"
| #define PACKAGE_TARNAME "geany"
| #define PACKAGE_VERSION "1.24"
| #define PACKAGE_STRING "Geany 1.24"
| #define PACKAGE_BUGREPORT "https://sourceforge.net/tracker/?group_id=153444&atid=787791"
| #define PACKAGE_URL ""
| #define PACKAGE "geany"
| #define VERSION "1.24"
| #define STDC_HEADERS 1
| #define HAVE_SYS_TYPES_H 1
| #define HAVE_SYS_STAT_H 1
| #define HAVE_STDLIB_H 1
| #define HAVE_STRING_H 1
| #define HAVE_MEMORY_H 1
| #define HAVE_STRINGS_H 1
| #define HAVE_INTTYPES_H 1
| #define HAVE_STDINT_H 1
| #define HAVE_UNISTD_H 1
| #define __EXTENSIONS__ 1
| #define _ALL_SOURCE 1
| #define _GNU_SOURCE 1
| #define _POSIX_PTHREAD_SEMANTICS 1
| #define _TANDEM_SOURCE 1
| /* end confdefs.h.  */
| #include <stdarg.h>
| #include <stdbool.h>
| #include <stdlib.h>
| #include <wchar.h>
| #include <stdio.h>
| 
| // Check varargs macros.  These examples are taken from C99 6.10.3.5.
| #define debug(...) fprintf (stderr, __VA_ARGS__)
| #define showlist(...) puts (#__VA_ARGS__)
| #define report(test,...) ((test) ? puts (#test) : printf (__VA_ARGS__))
| static void
| test_varargs_macros (void)
| {
|   int x = 1234;
|   int y = 5678;
|   debug ("Flag");
|   debug ("X = %d\n", x);
|   showlist (The first, second, and third items.);
|   report (x>y, "x is %d but y is %d", x, y);
| }
| 
| // Check long long types.
| #define BIG64 18446744073709551615ull
| #define BIG32 4294967295ul
| #define BIG_OK (BIG64 / BIG32 == 4294967297ull && BIG64 % BIG32 == 0)
| #if !BIG_OK
|   your preprocessor is broken;
| #endif
| #if BIG_OK
| #else
|   your preprocessor is broken;
| #endif
| static long long int bignum = -9223372036854775807LL;
| static unsigned long long int ubignum = BIG64;
| 
| struct incomplete_array
| {
|   int datasize;
|   double data[];
| };
| 
| struct named_init {
|   int number;
|   const wchar_t *name;
|   double average;
| };
| 
| typedef const char *ccp;
| 
| static inline int
| test_restrict (ccp restrict text)
| {
|   // See if C++-style comments work.
|   // Iterate through items via the restricted pointer.
|   // Also check for declarations in for loops.
|   for (unsigned int i = 0; *(text+i) != '\0'; ++i)
|     continue;
|   return 0;
| }
| 
| // Check varargs and va_copy.
| static void
| test_varargs (const char *format, ...)
| {
|   va_list args;
|   va_start (args, format);
|   va_list args_copy;
|   va_copy (args_copy, args);
| 
|   const char *str;
|   int number;
|   float fnumber;
| 
|   while (*format)
|     {
|       switch (*format++)
| 	{
| 	case 's': // string
| 	  str = va_arg (args_copy, const char *);
| 	  break;
| 	case 'd': // int
| 	  number = va_arg (args_copy, int);
| 	  break;
| 	case 'f': // float
| 	  fnumber = va_arg (args_copy, double);
| 	  break;
| 	default:
| 	  break;
| 	}
|     }
|   va_end (args_copy);
|   va_end (args);
| }
| 
| int
| main ()
| {
| 
|   // Check bool.
|   _Bool success = false;
| 
|   // Check restrict.
|   if (test_restrict ("String literal") == 0)
|     success = true;
|   char *restrict newvar = "Another string";
| 
|   // Check varargs.
|   test_varargs ("s, d' f .", "string", 65, 34.234);
|   test_varargs_macros ();
| 
|   // Check flexible array members.
|   struct incomplete_array *ia =
|     malloc (sizeof (struct incomplete_array) + (sizeof (double) * 10));
|   ia->datasize = 10;
|   for (int i = 0; i < ia->datasize; ++i)
|     ia->data[i] = i * 1.234;
| 
|   // Check named initializers.
|   struct named_init ni = {
|     .number = 34,
|     .name = L"Test wide string",
|     .average = 543.34343,
|   };
| 
|   ni.number = 58;
| 
|   int dynamic_array[ni.number];
|   dynamic_array[ni.number - 1] = 543;
| 
|   // work around unused variable warnings
|   return (!success || bignum == 0LL || ubignum == 0uLL || newvar[0] == 'x'
| 	  || dynamic_array[ni.number - 1] != 543);
| 
|   ;
|   return 0;
| }
configure:5481: gcc -std=gnu99 -c -g -O2  conftest.c >&5
configure:5481: $? = 0
configure:5501: result: -std=gnu99
configure:5510: checking whether gcc -std=gnu99 and cc understand -c and -o together
configure:5541: gcc -std=gnu99 -c conftest.c -o conftest2.o >&5
configure:5545: $? = 0
configure:5551: gcc -std=gnu99 -c conftest.c -o conftest2.o >&5
configure:5555: $? = 0
configure:5566: cc -c conftest.c >&5
configure:5570: $? = 0
configure:5578: cc -c conftest.c -o conftest2.o >&5
configure:5582: $? = 0
configure:5588: cc -c conftest.c -o conftest2.o >&5
configure:5592: $? = 0
configure:5610: result: yes
configure:5694: checking for g++
configure:5710: found /usr/bin/g++
configure:5721: result: g++
configure:5748: checking for C++ compiler version
configure:5757: g++ --version >&5
g++ (Ubuntu/Linaro 4.6.3-1ubuntu5) 4.6.3
Copyright (C) 2011 Free Software Foundation, Inc.
This is free software; see the source for copying conditions.  There is NO
warranty; not even for MERCHANTABILITY or FITNESS FOR A PARTICULAR PURPOSE.

configure:5768: $? = 0
configure:5757: g++ -v >&5
Using built-in specs.
COLLECT_GCC=g++
COLLECT_LTO_WRAPPER=/usr/lib/gcc/i686-linux-gnu/4.6/lto-wrapper
Target: i686-linux-gnu
Configured with: ../src/configure -v --with-pkgversion='Ubuntu/Linaro 4.6.3-1ubuntu5' --with-bugurl=file:///usr/share/doc/gcc-4.6/README.Bugs --enable-languages=c,c++,fortran,objc,obj-c++ --prefix=/usr --program-suffix=-4.6 --enable-shared --enable-linker-build-id --with-system-zlib --libexecdir=/usr/lib --without-included-gettext --enable-threads=posix --with-gxx-include-dir=/usr/include/c++/4.6 --libdir=/usr/lib --enable-nls --with-sysroot=/ --enable-clocale=gnu --enable-libstdcxx-debug --enable-libstdcxx-time=yes --enable-gnu-unique-object --enable-plugin --enable-objc-gc --enable-targets=all --disable-werror --with-arch-32=i686 --with-tune=generic --enable-checking=release --build=i686-linux-gnu --host=i686-linux-gnu --target=i686-linux-gnu
Thread model: posix
gcc version 4.6.3 (Ubuntu/Linaro 4.6.3-1ubuntu5) 
configure:5768: $? = 0
configure:5757: g++ -V >&5
g++: error: unrecognized option '-V'
g++: fatal error: no input files
compilation terminated.
configure:5768: $? = 4
configure:5757: g++ -qversion >&5
g++: error: unrecognized option '-qversion'
g++: fatal error: no input files
compilation terminated.
configure:5768: $? = 4
configure:5772: checking whether we are using the GNU C++ compiler
configure:5791: g++ -c   conftest.cpp >&5
configure:5791: $? = 0
configure:5800: result: yes
configure:5809: checking whether g++ accepts -g
configure:5829: g++ -c -g  conftest.cpp >&5
configure:5829: $? = 0
configure:5870: result: yes
configure:5895: checking dependency style of g++
configure:6006: result: gcc3
configure:6028: checking whether ln -s works
configure:6032: result: yes
configure:6046: checking fcntl.h usability
configure:6046: gcc -std=gnu99 -c -g -O2  conftest.c >&5
configure:6046: $? = 0
configure:6046: result: yes
configure:6046: checking fcntl.h presence
configure:6046: gcc -E  conftest.c
configure:6046: $? = 0
configure:6046: result: yes
configure:6046: checking for fcntl.h
configure:6046: result: yes
configure:6046: checking fnmatch.h usability
configure:6046: gcc -std=gnu99 -c -g -O2  conftest.c >&5
configure:6046: $? = 0
configure:6046: result: yes
configure:6046: checking fnmatch.h presence
configure:6046: gcc -E  conftest.c
configure:6046: $? = 0
configure:6046: result: yes
configure:6046: checking for fnmatch.h
configure:6046: result: yes
configure:6046: checking glob.h usability
configure:6046: gcc -std=gnu99 -c -g -O2  conftest.c >&5
configure:6046: $? = 0
configure:6046: result: yes
configure:6046: checking glob.h presence
configure:6046: gcc -E  conftest.c
configure:6046: $? = 0
configure:6046: result: yes
configure:6046: checking for glob.h
configure:6046: result: yes
configure:6046: checking for stdlib.h
configure:6046: result: yes
configure:6046: checking sys/time.h usability
configure:6046: gcc -std=gnu99 -c -g -O2  conftest.c >&5
configure:6046: $? = 0
configure:6046: result: yes
configure:6046: checking sys/time.h presence
configure:6046: gcc -E  conftest.c
configure:6046: $? = 0
configure:6046: result: yes
configure:6046: checking for sys/time.h
configure:6046: result: yes
configure:6058: checking for off_t
configure:6058: gcc -std=gnu99 -c -g -O2  conftest.c >&5
configure:6058: $? = 0
configure:6058: gcc -std=gnu99 -c -g -O2  conftest.c >&5
conftest.c: In function 'main':
conftest.c:67:20: error: expected expression before ')' token
configure:6058: $? = 1
configure: failed program was:
| /* confdefs.h */
| #define PACKAGE_NAME "Geany"
| #define PACKAGE_TARNAME "geany"
| #define PACKAGE_VERSION "1.24"
| #define PACKAGE_STRING "Geany 1.24"
| #define PACKAGE_BUGREPORT "https://sourceforge.net/tracker/?group_id=153444&atid=787791"
| #define PACKAGE_URL ""
| #define PACKAGE "geany"
| #define VERSION "1.24"
| #define STDC_HEADERS 1
| #define HAVE_SYS_TYPES_H 1
| #define HAVE_SYS_STAT_H 1
| #define HAVE_STDLIB_H 1
| #define HAVE_STRING_H 1
| #define HAVE_MEMORY_H 1
| #define HAVE_STRINGS_H 1
| #define HAVE_INTTYPES_H 1
| #define HAVE_STDINT_H 1
| #define HAVE_UNISTD_H 1
| #define __EXTENSIONS__ 1
| #define _ALL_SOURCE 1
| #define _GNU_SOURCE 1
| #define _POSIX_PTHREAD_SEMANTICS 1
| #define _TANDEM_SOURCE 1
| #define HAVE_FCNTL_H 1
| #define HAVE_FNMATCH_H 1
| #define HAVE_GLOB_H 1
| #define HAVE_STDLIB_H 1
| #define HAVE_SYS_TIME_H 1
| /* end confdefs.h.  */
| #include <stdio.h>
| #ifdef HAVE_SYS_TYPES_H
| # include <sys/types.h>
| #endif
| #ifdef HAVE_SYS_STAT_H
| # include <sys/stat.h>
| #endif
| #ifdef STDC_HEADERS
| # include <stdlib.h>
| # include <stddef.h>
| #else
| # ifdef HAVE_STDLIB_H
| #  include <stdlib.h>
| # endif
| #endif
| #ifdef HAVE_STRING_H
| # if !defined STDC_HEADERS && defined HAVE_MEMORY_H
| #  include <memory.h>
| # endif
| # include <string.h>
| #endif
| #ifdef HAVE_STRINGS_H
| # include <strings.h>
| #endif
| #ifdef HAVE_INTTYPES_H
| # include <inttypes.h>
| #endif
| #ifdef HAVE_STDINT_H
| # include <stdint.h>
| #endif
| #ifdef HAVE_UNISTD_H
| # include <unistd.h>
| #endif
| int
| main ()
| {
| if (sizeof ((off_t)))
| 	    return 0;
|   ;
|   return 0;
| }
configure:6058: result: yes
configure:6069: checking for size_t
configure:6069: gcc -std=gnu99 -c -g -O2  conftest.c >&5
configure:6069: $? = 0
configure:6069: gcc -std=gnu99 -c -g -O2  conftest.c >&5
conftest.c: In function 'main':
conftest.c:67:21: error: expected expression before ')' token
configure:6069: $? = 1
configure: failed program was:
| /* confdefs.h */
| #define PACKAGE_NAME "Geany"
| #define PACKAGE_TARNAME "geany"
| #define PACKAGE_VERSION "1.24"
| #define PACKAGE_STRING "Geany 1.24"
| #define PACKAGE_BUGREPORT "https://sourceforge.net/tracker/?group_id=153444&atid=787791"
| #define PACKAGE_URL ""
| #define PACKAGE "geany"
| #define VERSION "1.24"
| #define STDC_HEADERS 1
| #define HAVE_SYS_TYPES_H 1
| #define HAVE_SYS_STAT_H 1
| #define HAVE_STDLIB_H 1
| #define HAVE_STRING_H 1
| #define HAVE_MEMORY_H 1
| #define HAVE_STRINGS_H 1
| #define HAVE_INTTYPES_H 1
| #define HAVE_STDINT_H 1
| #define HAVE_UNISTD_H 1
| #define __EXTENSIONS__ 1
| #define _ALL_SOURCE 1
| #define _GNU_SOURCE 1
| #define _POSIX_PTHREAD_SEMANTICS 1
| #define _TANDEM_SOURCE 1
| #define HAVE_FCNTL_H 1
| #define HAVE_FNMATCH_H 1
| #define HAVE_GLOB_H 1
| #define HAVE_STDLIB_H 1
| #define HAVE_SYS_TIME_H 1
| /* end confdefs.h.  */
| #include <stdio.h>
| #ifdef HAVE_SYS_TYPES_H
| # include <sys/types.h>
| #endif
| #ifdef HAVE_SYS_STAT_H
| # include <sys/stat.h>
| #endif
| #ifdef STDC_HEADERS
| # include <stdlib.h>
| # include <stddef.h>
| #else
| # ifdef HAVE_STDLIB_H
| #  include <stdlib.h>
| # endif
| #endif
| #ifdef HAVE_STRING_H
| # if !defined STDC_HEADERS && defined HAVE_MEMORY_H
| #  include <memory.h>
| # endif
| # include <string.h>
| #endif
| #ifdef HAVE_STRINGS_H
| # include <strings.h>
| #endif
| #ifdef HAVE_INTTYPES_H
| # include <inttypes.h>
| #endif
| #ifdef HAVE_STDINT_H
| # include <stdint.h>
| #endif
| #ifdef HAVE_UNISTD_H
| # include <unistd.h>
| #endif
| int
| main ()
| {
| if (sizeof ((size_t)))
| 	    return 0;
|   ;
|   return 0;
| }
configure:6069: result: yes
configure:6080: checking whether struct tm is in sys/time.h or time.h
configure:6100: gcc -std=gnu99 -c -g -O2  conftest.c >&5
configure:6100: $? = 0
configure:6107: result: time.h
configure:6120: checking for ftruncate
configure:6120: gcc -std=gnu99 -o conftest -g -O2   conftest.c  >&5
configure:6120: $? = 0
configure:6120: result: yes
configure:6120: checking for fgetpos
configure:6120: gcc -std=gnu99 -o conftest -g -O2   conftest.c  >&5
configure:6120: $? = 0
configure:6120: result: yes
configure:6120: checking for mkstemp
configure:6120: gcc -std=gnu99 -o conftest -g -O2   conftest.c  >&5
configure:6120: $? = 0
configure:6120: result: yes
configure:6120: checking for strerror
configure:6120: gcc -std=gnu99 -o conftest -g -O2   conftest.c  >&5
configure:6120: $? = 0
configure:6120: result: yes
configure:6120: checking for strstr
configure:6120: gcc -std=gnu99 -o conftest -g -O2   conftest.c  >&5
conftest.c:58:6: warning: conflicting types for built-in function 'strstr' [enabled by default]
configure:6120: $? = 0
configure:6120: result: yes
configure:6137: checking for Git revision
configure:6146: result: 2f120d7
configure:6253: checking for pkg-config
configure:6271: found /usr/bin/pkg-config
configure:6283: result: /usr/bin/pkg-config
configure:6308: checking pkg-config is at least version 0.9.0
configure:6311: result: yes
configure:6321: checking for GTK
configure:6328: $PKG_CONFIG --exists --print-errors "$gtk_modules $gtk_modules_private"
configure:6331: $? = 0
configure:6345: $PKG_CONFIG --exists --print-errors "$gtk_modules $gtk_modules_private"
configure:6348: $? = 0
configure:6406: result: yes
configure:6423: checking for GTHREAD
configure:6430: $PKG_CONFIG --exists --print-errors "$gthread_modules"
configure:6433: $? = 0
configure:6447: $PKG_CONFIG --exists --print-errors "$gthread_modules"
configure:6450: $? = 0
configure:6508: result: yes
configure:6533: checking whether binary relocation support should be enabled
configure:6583: result: no
configure:6666: checking build system type
configure:6680: result: i686-pc-linux-gnu
configure:6700: checking host system type
configure:6713: result: i686-pc-linux-gnu
configure:6754: checking how to print strings
configure:6781: result: printf
configure:6802: checking for a sed that does not truncate output
configure:6866: result: /bin/sed
configure:6884: checking for fgrep
configure:6946: result: /bin/grep -F
configure:6981: checking for ld used by gcc -std=gnu99
configure:7048: result: /usr/bin/ld
configure:7055: checking if the linker (/usr/bin/ld) is GNU ld
configure:7070: result: yes
configure:7082: checking for BSD- or MS-compatible name lister (nm)
configure:7131: result: /usr/bin/nm -B
configure:7261: checking the name lister (/usr/bin/nm -B) interface
configure:7268: gcc -std=gnu99 -c -g -DGEANY_DEBUG -g -O2  conftest.c >&5
configure:7271: /usr/bin/nm -B "conftest.o"
configure:7274: output
00000000 B some_variable
configure:7281: result: BSD nm
configure:7285: checking the maximum length of command line arguments
configure:7415: result: 1572864
configure:7432: checking whether the shell understands some XSI constructs
configure:7442: result: yes
configure:7446: checking whether the shell understands "+="
configure:7452: result: yes
configure:7487: checking how to convert i686-pc-linux-gnu file names to i686-pc-linux-gnu format
configure:7527: result: func_convert_file_noop
configure:7534: checking how to convert i686-pc-linux-gnu file names to toolchain format
configure:7554: result: func_convert_file_noop
configure:7561: checking for /usr/bin/ld option to reload object files
configure:7568: result: -r
configure:7642: checking for objdump
configure:7658: found /usr/bin/objdump
configure:7669: result: objdump
configure:7701: checking how to recognize dependent libraries
configure:7903: result: pass_all
configure:7988: checking for dlltool
configure:8018: result: no
configure:8048: checking how to associate runtime and link libraries
configure:8075: result: printf %s\n
configure:8199: checking for archiver @FILE support
configure:8216: gcc -std=gnu99 -c -g -DGEANY_DEBUG -g -O2  conftest.c >&5
configure:8216: $? = 0
configure:8219: ar cru libconftest.a @conftest.lst >&5
configure:8222: $? = 0
configure:8227: ar cru libconftest.a @conftest.lst >&5
ar: conftest.o: No such file or directory
configure:8230: $? = 1
configure:8242: result: @
configure:8300: checking for strip
configure:8316: found /usr/bin/strip
configure:8327: result: strip
configure:8399: checking for ranlib
configure:8415: found /usr/bin/ranlib
configure:8426: result: ranlib
configure:8528: checking command to parse /usr/bin/nm -B output from gcc -std=gnu99 object
configure:8648: gcc -std=gnu99 -c -g -DGEANY_DEBUG -g -O2  conftest.c >&5
configure:8651: $? = 0
configure:8655: /usr/bin/nm -B conftest.o \| sed -n -e 's/^.*[ ]\([ABCDGIRSTW][ABCDGIRSTW]*\)[ ][ ]*\([_A-Za-z][_A-Za-z0-9]*\)$/\1 \2 \2/p' | sed '/ __gnu_lto/d' \> conftest.nm
configure:8658: $? = 0
configure:8724: gcc -std=gnu99 -o conftest -g -DGEANY_DEBUG -g -O2   conftest.c conftstm.o >&5
configure:8727: $? = 0
configure:8765: result: ok
configure:8802: checking for sysroot
configure:8832: result: no
configure:9088: checking for mt
configure:9104: found /bin/mt
configure:9115: result: mt
configure:9138: checking if mt is a manifest tool
configure:9144: mt '-?'
configure:9152: result: no
configure:9791: checking for dlfcn.h
configure:9791: gcc -std=gnu99 -c -g -DGEANY_DEBUG -g -O2  conftest.c >&5
configure:9791: $? = 0
configure:9791: result: yes
configure:9978: checking for objdir
configure:9993: result: .libs
configure:10264: checking if gcc -std=gnu99 supports -fno-rtti -fno-exceptions
configure:10282: gcc -std=gnu99 -c -g -DGEANY_DEBUG -g -O2  -fno-rtti -fno-exceptions conftest.c >&5
cc1: warning: command line option '-fno-rtti' is valid for C++/ObjC++ but not for C [enabled by default]
configure:10286: $? = 0
configure:10299: result: no
configure:10626: checking for gcc -std=gnu99 option to produce PIC
configure:10633: result: -fPIC -DPIC
configure:10641: checking if gcc -std=gnu99 PIC flag -fPIC -DPIC works
configure:10659: gcc -std=gnu99 -c -g -DGEANY_DEBUG -g -O2  -fPIC -DPIC -DPIC conftest.c >&5
configure:10663: $? = 0
configure:10676: result: yes
configure:10705: checking if gcc -std=gnu99 static flag -static works
configure:10733: result: yes
configure:10748: checking if gcc -std=gnu99 supports -c -o file.o
configure:10769: gcc -std=gnu99 -c -g -DGEANY_DEBUG -g -O2  -o out/conftest2.o conftest.c >&5
configure:10773: $? = 0
configure:10795: result: yes
configure:10803: checking if gcc -std=gnu99 supports -c -o file.o
configure:10850: result: yes
configure:10883: checking whether the gcc -std=gnu99 linker (/usr/bin/ld) supports shared libraries
configure:12040: result: yes
configure:12077: checking whether -lc should be explicitly linked in
configure:12085: gcc -std=gnu99 -c -g -DGEANY_DEBUG -g -O2  conftest.c >&5
configure:12088: $? = 0
configure:12103: gcc -std=gnu99 -shared  -fPIC -DPIC conftest.o  -v -Wl,-soname -Wl,conftest -o conftest 2\>\&1 \| /bin/grep  -lc  \>/dev/null 2\>\&1
configure:12106: $? = 0
configure:12120: result: no
configure:12280: checking dynamic linker characteristics
configure:12791: gcc -std=gnu99 -o conftest -g -DGEANY_DEBUG -g -O2   -Wl,-rpath -Wl,/foo conftest.c  >&5
configure:12791: $? = 0
configure:13025: result: GNU/Linux ld.so
configure:13132: checking how to hardcode library paths into programs
configure:13157: result: immediate
configure:13697: checking whether stripping libraries is possible
configure:13702: result: yes
configure:13737: checking if libtool supports shared libraries
configure:13739: result: yes
configure:13742: checking whether to build shared libraries
configure:13763: result: yes
configure:13766: checking whether to build static libraries
configure:13770: result: no
configure:13793: checking how to run the C++ preprocessor
configure:13820: g++ -E  conftest.cpp
configure:13820: $? = 0
configure:13834: g++ -E  conftest.cpp
conftest.cpp:40:28: fatal error: ac_nonexistent.h: No such file or directory
compilation terminated.
configure:13834: $? = 1
configure: failed program was:
| /* confdefs.h */
| #define PACKAGE_NAME "Geany"
| #define PACKAGE_TARNAME "geany"
| #define PACKAGE_VERSION "1.24"
| #define PACKAGE_STRING "Geany 1.24"
| #define PACKAGE_BUGREPORT "https://sourceforge.net/tracker/?group_id=153444&atid=787791"
| #define PACKAGE_URL ""
| #define PACKAGE "geany"
| #define VERSION "1.24"
| #define STDC_HEADERS 1
| #define HAVE_SYS_TYPES_H 1
| #define HAVE_SYS_STAT_H 1
| #define HAVE_STDLIB_H 1
| #define HAVE_STRING_H 1
| #define HAVE_MEMORY_H 1
| #define HAVE_STRINGS_H 1
| #define HAVE_INTTYPES_H 1
| #define HAVE_STDINT_H 1
| #define HAVE_UNISTD_H 1
| #define __EXTENSIONS__ 1
| #define _ALL_SOURCE 1
| #define _GNU_SOURCE 1
| #define _POSIX_PTHREAD_SEMANTICS 1
| #define _TANDEM_SOURCE 1
| #define HAVE_FCNTL_H 1
| #define HAVE_FNMATCH_H 1
| #define HAVE_GLOB_H 1
| #define HAVE_STDLIB_H 1
| #define HAVE_SYS_TIME_H 1
| #define HAVE_FTRUNCATE 1
| #define HAVE_FGETPOS 1
| #define HAVE_MKSTEMP 1
| #define HAVE_STRERROR 1
| #define HAVE_STRSTR 1
| #define REVISION "2f120d7"
| #define HAVE_REGCOMP 1
| #define HAVE_DLFCN_H 1
| #define LT_OBJDIR ".libs/"
| /* end confdefs.h.  */
| #include <ac_nonexistent.h>
configure:13859: result: g++ -E
configure:13879: g++ -E  conftest.cpp
configure:13879: $? = 0
configure:13893: g++ -E  conftest.cpp
conftest.cpp:40:28: fatal error: ac_nonexistent.h: No such file or directory
compilation terminated.
configure:13893: $? = 1
configure: failed program was:
| /* confdefs.h */
| #define PACKAGE_NAME "Geany"
| #define PACKAGE_TARNAME "geany"
| #define PACKAGE_VERSION "1.24"
| #define PACKAGE_STRING "Geany 1.24"
| #define PACKAGE_BUGREPORT "https://sourceforge.net/tracker/?group_id=153444&atid=787791"
| #define PACKAGE_URL ""
| #define PACKAGE "geany"
| #define VERSION "1.24"
| #define STDC_HEADERS 1
| #define HAVE_SYS_TYPES_H 1
| #define HAVE_SYS_STAT_H 1
| #define HAVE_STDLIB_H 1
| #define HAVE_STRING_H 1
| #define HAVE_MEMORY_H 1
| #define HAVE_STRINGS_H 1
| #define HAVE_INTTYPES_H 1
| #define HAVE_STDINT_H 1
| #define HAVE_UNISTD_H 1
| #define __EXTENSIONS__ 1
| #define _ALL_SOURCE 1
| #define _GNU_SOURCE 1
| #define _POSIX_PTHREAD_SEMANTICS 1
| #define _TANDEM_SOURCE 1
| #define HAVE_FCNTL_H 1
| #define HAVE_FNMATCH_H 1
| #define HAVE_GLOB_H 1
| #define HAVE_STDLIB_H 1
| #define HAVE_SYS_TIME_H 1
| #define HAVE_FTRUNCATE 1
| #define HAVE_FGETPOS 1
| #define HAVE_MKSTEMP 1
| #define HAVE_STRERROR 1
| #define HAVE_STRSTR 1
| #define REVISION "2f120d7"
| #define HAVE_REGCOMP 1
| #define HAVE_DLFCN_H 1
| #define LT_OBJDIR ".libs/"
| /* end confdefs.h.  */
| #include <ac_nonexistent.h>
configure:14062: checking for ld used by g++
configure:14129: result: /usr/bin/ld
configure:14136: checking if the linker (/usr/bin/ld) is GNU ld
configure:14151: result: yes
configure:14206: checking whether the g++ linker (/usr/bin/ld) supports shared libraries
configure:15211: result: yes
configure:15247: g++ -c -g -O2  conftest.cpp >&5
configure:15250: $? = 0
configure:15770: checking for g++ option to produce PIC
configure:15777: result: -fPIC -DPIC
configure:15785: checking if g++ PIC flag -fPIC -DPIC works
configure:15803: g++ -c -g -O2  -fPIC -DPIC -DPIC conftest.cpp >&5
configure:15807: $? = 0
configure:15820: result: yes
configure:15843: checking if g++ static flag -static works
configure:15871: result: yes
configure:15883: checking if g++ supports -c -o file.o
configure:15904: g++ -c -g -O2  -o out/conftest2.o conftest.cpp >&5
configure:15908: $? = 0
configure:15930: result: yes
configure:15935: checking if g++ supports -c -o file.o
configure:15982: result: yes
configure:16012: checking whether the g++ linker (/usr/bin/ld) supports shared libraries
configure:16051: result: yes
configure:16192: checking dynamic linker characteristics
configure:16871: result: GNU/Linux ld.so
configure:16924: checking how to hardcode library paths into programs
configure:16949: result: immediate
configure:17280: checking for library containing connect
configure:17311: gcc -std=gnu99 -o conftest -g -DGEANY_DEBUG -g -O2   conftest.c  >&5
configure:17311: $? = 0
configure:17328: result: none required
configure:17377: checking whether the force is with you
configure:17383: result: no
configure:17389: checking whether NLS is requested
configure:17398: result: yes
configure:17426: checking for intltool-update
configure:17444: found /usr/bin/intltool-update
configure:17456: result: /usr/bin/intltool-update
configure:17466: checking for intltool-merge
configure:17484: found /usr/bin/intltool-merge
configure:17496: result: /usr/bin/intltool-merge
configure:17506: checking for intltool-extract
configure:17524: found /usr/bin/intltool-extract
configure:17536: result: /usr/bin/intltool-extract
configure:17690: checking for xgettext
configure:17708: found /usr/bin/xgettext
configure:17720: result: /usr/bin/xgettext
configure:17730: checking for msgmerge
configure:17748: found /usr/bin/msgmerge
configure:17760: result: /usr/bin/msgmerge
configure:17770: checking for msgfmt
configure:17788: found /usr/bin/msgfmt
configure:17800: result: /usr/bin/msgfmt
configure:17810: checking for gmsgfmt
configure:17841: result: /usr/bin/msgfmt
configure:17861: checking for perl
configure:17879: found /usr/bin/perl
configure:17891: result: /usr/bin/perl
configure:17902: checking for perl >= 5.8.1
configure:17909: result: 5.14.2
configure:17913: checking for XML::Parser
configure:17916: result: ok
configure:17941: gcc -std=gnu99 -o conftest -g -DGEANY_DEBUG -g -O2   conftest.c  >&5
configure:17941: $? = 0
configure:17988: checking locale.h usability
configure:17988: gcc -std=gnu99 -c -g -DGEANY_DEBUG -g -O2  conftest.c >&5
configure:17988: $? = 0
configure:17988: result: yes
configure:17988: checking locale.h presence
configure:17988: gcc -E  conftest.c
configure:17988: $? = 0
configure:17988: result: yes
configure:17988: checking for locale.h
configure:17988: result: yes
configure:17999: checking for LC_MESSAGES
configure:18015: gcc -std=gnu99 -o conftest -g -DGEANY_DEBUG -g -O2   conftest.c  >&5
configure:18015: $? = 0
configure:18023: result: yes
configure:18040: checking libintl.h usability
configure:18040: gcc -std=gnu99 -c -g -DGEANY_DEBUG -g -O2  conftest.c >&5
configure:18040: $? = 0
configure:18040: result: yes
configure:18040: checking libintl.h presence
configure:18040: gcc -E  conftest.c
configure:18040: $? = 0
configure:18040: result: yes
configure:18040: checking for libintl.h
configure:18040: result: yes
configure:18048: checking for ngettext in libc
configure:18066: gcc -std=gnu99 -o conftest -g -DGEANY_DEBUG -g -O2   conftest.c  >&5
configure:18066: $? = 0
configure:18075: result: yes
configure:18079: checking for dgettext in libc
configure:18097: gcc -std=gnu99 -o conftest -g -DGEANY_DEBUG -g -O2   conftest.c  >&5
configure:18097: $? = 0
configure:18106: result: yes
configure:18113: checking for bind_textdomain_codeset
configure:18113: gcc -std=gnu99 -o conftest -g -DGEANY_DEBUG -g -O2   conftest.c  >&5
configure:18113: $? = 0
configure:18113: result: yes
configure:18389: checking for msgfmt
configure:18416: result: /usr/bin/msgfmt
configure:18427: checking for dcgettext
configure:18427: gcc -std=gnu99 -o conftest -g -DGEANY_DEBUG -g -O2   conftest.c   >&5
conftest.c:71:6: warning: conflicting types for built-in function 'dcgettext' [enabled by default]
configure:18427: $? = 0
configure:18427: result: yes
configure:18437: checking if msgfmt accepts -c
configure:18452: $MSGFMT -c -o /dev/null conftest.foo
configure:18455: $? = 0
configure:18457: result: yes
configure:18467: checking for gmsgfmt
configure:18498: result: /usr/bin/msgfmt
configure:18508: checking for xgettext
configure:18535: result: /usr/bin/xgettext
configure:18554: gcc -std=gnu99 -o conftest -g -DGEANY_DEBUG -g -O2   conftest.c   >&5
configure:18554: $? = 0
configure:18636: checking for catalogs to be installed
configure:18661: result:  ar ast be bg ca cs de el en_GB es et eu fa fi fr gl he hi hu id it ja kk ko lb lt mn nl nn pl pt pt_BR ro ru sk sl sr sv tr uk vi zh_CN zh_TW
configure:18873: creating ./config.status

## ---------------------- ##
## Running config.status. ##
## ---------------------- ##

This file was extended by Geany config.status 1.24, which was
generated by GNU Autoconf 2.68.  Invocation command line was

  CONFIG_FILES    = 
  CONFIG_HEADERS  = 
  CONFIG_LINKS    = 
  CONFIG_COMMANDS = 
  $ ./config.status 

on juvasquezg

config.status:1303: creating Makefile
config.status:1303: creating icons/Makefile
config.status:1303: creating icons/16x16/Makefile
config.status:1303: creating icons/24x24/Makefile
config.status:1303: creating icons/32x32/Makefile
config.status:1303: creating icons/48x48/Makefile
config.status:1303: creating icons/scalable/Makefile
config.status:1303: creating icons/tango/Makefile
config.status:1303: creating icons/tango/16x16/Makefile
config.status:1303: creating icons/tango/24x24/Makefile
config.status:1303: creating icons/tango/32x32/Makefile
config.status:1303: creating icons/tango/48x48/Makefile
config.status:1303: creating icons/tango/scalable/Makefile
config.status:1303: creating tagmanager/Makefile
config.status:1303: creating tagmanager/ctags/Makefile
config.status:1303: creating tagmanager/mio/Makefile
config.status:1303: creating tagmanager/src/Makefile
config.status:1303: creating scintilla/Makefile
config.status:1303: creating scintilla/include/Makefile
config.status:1303: creating src/Makefile
config.status:1303: creating plugins/Makefile
config.status:1303: creating po/Makefile.in
config.status:1303: creating doc/Makefile
config.status:1303: creating doc/geany.1
config.status:1303: creating geany.spec
config.status:1303: creating geany.pc
config.status:1303: creating doc/Doxyfile
config.status:1303: creating tests/Makefile
config.status:1303: creating tests/ctags/Makefile
config.status:1303: creating config.h
config.status:1484: config.h is unchanged
config.status:1532: executing depfiles commands
config.status:1532: executing libtool commands
config.status:1532: executing default-1 commands
config.status:1532: executing po/stamp-it commands

## ---------------- ##
## Cache variables. ##
## ---------------- ##

ac_cv_build=i686-pc-linux-gnu
ac_cv_c_compiler_gnu=yes
ac_cv_cxx_compiler_gnu=yes
ac_cv_env_CCC_set=
ac_cv_env_CCC_value=
ac_cv_env_CC_set=
ac_cv_env_CC_value=
ac_cv_env_CFLAGS_set=
ac_cv_env_CFLAGS_value=
ac_cv_env_CPPFLAGS_set=
ac_cv_env_CPPFLAGS_value=
ac_cv_env_CPP_set=
ac_cv_env_CPP_value=
ac_cv_env_CXXCPP_set=
ac_cv_env_CXXCPP_value=
ac_cv_env_CXXFLAGS_set=
ac_cv_env_CXXFLAGS_value=
ac_cv_env_CXX_set=
ac_cv_env_CXX_value=
ac_cv_env_GTHREAD_CFLAGS_set=
ac_cv_env_GTHREAD_CFLAGS_value=
ac_cv_env_GTHREAD_LIBS_set=
ac_cv_env_GTHREAD_LIBS_value=
ac_cv_env_GTK_CFLAGS_set=
ac_cv_env_GTK_CFLAGS_value=
ac_cv_env_GTK_LIBS_set=
ac_cv_env_GTK_LIBS_value=
ac_cv_env_LDFLAGS_set=
ac_cv_env_LDFLAGS_value=
ac_cv_env_LIBS_set=
ac_cv_env_LIBS_value=
ac_cv_env_PKG_CONFIG_LIBDIR_set=
ac_cv_env_PKG_CONFIG_LIBDIR_value=
ac_cv_env_PKG_CONFIG_PATH_set=
ac_cv_env_PKG_CONFIG_PATH_value=
ac_cv_env_PKG_CONFIG_set=
ac_cv_env_PKG_CONFIG_value=
ac_cv_env_build_alias_set=
ac_cv_env_build_alias_value=
ac_cv_env_host_alias_set=
ac_cv_env_host_alias_value=
ac_cv_env_target_alias_set=
ac_cv_env_target_alias_value=
ac_cv_func_bind_textdomain_codeset=yes
ac_cv_func_dcgettext=yes
ac_cv_func_fgetpos=yes
ac_cv_func_ftruncate=yes
ac_cv_func_mkstemp=yes
ac_cv_func_strerror=yes
ac_cv_func_strstr=yes
ac_cv_header_dlfcn_h=yes
ac_cv_header_fcntl_h=yes
ac_cv_header_fnmatch_h=yes
ac_cv_header_glob_h=yes
ac_cv_header_inttypes_h=yes
ac_cv_header_libintl_h=yes
ac_cv_header_locale_h=yes
ac_cv_header_memory_h=yes
ac_cv_header_minix_config_h=no
ac_cv_header_stdc=yes
ac_cv_header_stdint_h=yes
ac_cv_header_stdlib_h=yes
ac_cv_header_string_h=yes
ac_cv_header_strings_h=yes
ac_cv_header_sys_stat_h=yes
ac_cv_header_sys_time_h=yes
ac_cv_header_sys_types_h=yes
ac_cv_header_unistd_h=yes
ac_cv_host=i686-pc-linux-gnu
ac_cv_objext=o
ac_cv_path_EGREP='/bin/grep -E'
ac_cv_path_FGREP='/bin/grep -F'
ac_cv_path_GMSGFMT=/usr/bin/msgfmt
ac_cv_path_GREP=/bin/grep
ac_cv_path_INTLTOOL_EXTRACT=/usr/bin/intltool-extract
ac_cv_path_INTLTOOL_MERGE=/usr/bin/intltool-merge
ac_cv_path_INTLTOOL_PERL=/usr/bin/perl
ac_cv_path_INTLTOOL_UPDATE=/usr/bin/intltool-update
ac_cv_path_MSGFMT=/usr/bin/msgfmt
ac_cv_path_MSGMERGE=/usr/bin/msgmerge
ac_cv_path_SED=/bin/sed
ac_cv_path_XGETTEXT=/usr/bin/xgettext
ac_cv_path_ac_pt_PKG_CONFIG=/usr/bin/pkg-config
ac_cv_path_install='/usr/bin/install -c'
ac_cv_path_mkdir=/bin/mkdir
ac_cv_prog_AWK=gawk
ac_cv_prog_CPP='gcc -E'
ac_cv_prog_CXXCPP='g++ -E'
ac_cv_prog_ac_ct_AR=ar
ac_cv_prog_ac_ct_CC=gcc
ac_cv_prog_ac_ct_CXX=g++
ac_cv_prog_ac_ct_MANIFEST_TOOL=mt
ac_cv_prog_ac_ct_OBJDUMP=objdump
ac_cv_prog_ac_ct_RANLIB=ranlib
ac_cv_prog_ac_ct_STRIP=strip
ac_cv_prog_cc_c89=
ac_cv_prog_cc_c99=-std=gnu99
ac_cv_prog_cc_g=yes
ac_cv_prog_cc_gcc_c_o=yes
ac_cv_prog_cxx_g=yes
ac_cv_prog_make_make_set=yes
ac_cv_safe_to_define___extensions__=yes
ac_cv_search_connect='none required'
ac_cv_struct_tm=time.h
ac_cv_type_off_t=yes
ac_cv_type_size_t=yes
am_cv_CC_dependencies_compiler_type=gcc3
am_cv_CXX_dependencies_compiler_type=gcc3
am_cv_ar_interface=ar
am_cv_make_support_nested_variables=yes
am_cv_val_LC_MESSAGES=yes
gt_cv_func_dgettext_libc=yes
gt_cv_func_dgettext_libintl=no
gt_cv_func_ngettext_libc=yes
gt_cv_have_gettext=yes
lt_cv_ar_at_file=@
lt_cv_archive_cmds_need_lc=no
lt_cv_deplibs_check_method=pass_all
lt_cv_file_magic_cmd='$MAGIC_CMD'
lt_cv_file_magic_test_file=
lt_cv_ld_reload_flag=-r
lt_cv_nm_interface='BSD nm'
lt_cv_objdir=.libs
lt_cv_path_LD=/usr/bin/ld
lt_cv_path_LDCXX=/usr/bin/ld
lt_cv_path_NM='/usr/bin/nm -B'
lt_cv_path_mainfest_tool=no
lt_cv_prog_compiler_c_o=yes
lt_cv_prog_compiler_c_o_CXX=yes
lt_cv_prog_compiler_pic='-fPIC -DPIC'
lt_cv_prog_compiler_pic_CXX='-fPIC -DPIC'
lt_cv_prog_compiler_pic_works=yes
lt_cv_prog_compiler_pic_works_CXX=yes
lt_cv_prog_compiler_rtti_exceptions=no
lt_cv_prog_compiler_static_works=yes
lt_cv_prog_compiler_static_works_CXX=yes
lt_cv_prog_gnu_ld=yes
lt_cv_prog_gnu_ldcxx=yes
lt_cv_sharedlib_from_linklib_cmd='printf %s\n'
lt_cv_shlibpath_overrides_runpath=no
lt_cv_sys_global_symbol_pipe='sed -n -e '\''s/^.*[	 ]\([ABCDGIRSTW][ABCDGIRSTW]*\)[	 ][	 ]*\([_A-Za-z][_A-Za-z0-9]*\)$/\1 \2 \2/p'\'' | sed '\''/ __gnu_lto/d'\'''
lt_cv_sys_global_symbol_to_c_name_address='sed -n -e '\''s/^: \([^ ]*\)[ ]*$/  {\"\1\", (void *) 0},/p'\'' -e '\''s/^[ABCDGIRSTW]* \([^ ]*\) \([^ ]*\)$/  {"\2", (void *) \&\2},/p'\'''
lt_cv_sys_global_symbol_to_c_name_address_lib_prefix='sed -n -e '\''s/^: \([^ ]*\)[ ]*$/  {\"\1\", (void *) 0},/p'\'' -e '\''s/^[ABCDGIRSTW]* \([^ ]*\) \(lib[^ ]*\)$/  {"\2", (void *) \&\2},/p'\'' -e '\''s/^[ABCDGIRSTW]* \([^ ]*\) \([^ ]*\)$/  {"lib\2", (void *) \&\2},/p'\'''
lt_cv_sys_global_symbol_to_cdecl='sed -n -e '\''s/^T .* \(.*\)$/extern int \1();/p'\'' -e '\''s/^[ABCDGIRSTW]* .* \(.*\)$/extern char \1;/p'\'''
lt_cv_sys_max_cmd_len=1572864
lt_cv_to_host_file_cmd=func_convert_file_noop
lt_cv_to_tool_file_cmd=func_convert_file_noop
pkg_cv_GTHREAD_CFLAGS='-pthread -I/usr/include/glib-2.0 -I/usr/lib/i386-linux-gnu/glib-2.0/include  '
pkg_cv_GTHREAD_LIBS='-pthread -lgthread-2.0 -lrt -lglib-2.0  '
pkg_cv_GTK_CFLAGS='-pthread -I/usr/include/gtk-2.0 -I/usr/lib/i386-linux-gnu/gtk-2.0/include -I/usr/include/atk-1.0 -I/usr/include/cairo -I/usr/include/gdk-pixbuf-2.0 -I/usr/include/pango-1.0 -I/usr/include/gio-unix-2.0/ -I/usr/include/glib-2.0 -I/usr/lib/i386-linux-gnu/glib-2.0/include -I/usr/include/pixman-1 -I/usr/include/freetype2 -I/usr/include/libpng12  '
pkg_cv_GTK_LIBS='-Wl,--export-dynamic -pthread -lgtk-x11-2.0 -lgdk-x11-2.0 -latk-1.0 -lpangoft2-1.0 -lpangocairo-1.0 -lgdk_pixbuf-2.0 -lcairo -lpango-1.0 -lfreetype -lfontconfig -lgio-2.0 -lgobject-2.0 -lgmodule-2.0 -lrt -lglib-2.0  '

## ----------------- ##
## Output variables. ##
## ----------------- ##

ACLOCAL='${SHELL} /home/juvasquezg/clones/geany/build-aux/missing --run aclocal-1.11'
ALL_LINGUAS='ar ast be bg ca cs de el en_GB es et eu fa fi fr gl he hi hu id it ja kk ko lb lt mn nl nn pl pt pt_BR ro ru sk sl sr sv tr uk vi zh_CN zh_TW '
AMDEPBACKSLASH='\'
AMDEP_FALSE='#'
AMDEP_TRUE=''
AMTAR='$${TAR-tar}'
AM_BACKSLASH='\'
AM_DEFAULT_V='$(AM_DEFAULT_VERBOSITY)'
AM_DEFAULT_VERBOSITY='0'
AM_V='$(V)'
AR='ar'
AUTOCONF='${SHELL} /home/juvasquezg/clones/geany/build-aux/missing --run autoconf'
AUTOHEADER='${SHELL} /home/juvasquezg/clones/geany/build-aux/missing --run autoheader'
AUTOMAKE='${SHELL} /home/juvasquezg/clones/geany/build-aux/missing --run automake-1.11'
AWK='gawk'
CATALOGS=' ar.gmo ast.gmo be.gmo bg.gmo ca.gmo cs.gmo de.gmo el.gmo en_GB.gmo es.gmo et.gmo eu.gmo fa.gmo fi.gmo fr.gmo gl.gmo he.gmo hi.gmo hu.gmo id.gmo it.gmo ja.gmo kk.gmo ko.gmo lb.gmo lt.gmo mn.gmo nl.gmo nn.gmo pl.gmo pt.gmo pt_BR.gmo ro.gmo ru.gmo sk.gmo sl.gmo sr.gmo sv.gmo tr.gmo uk.gmo vi.gmo zh_CN.gmo zh_TW.gmo'
CATOBJEXT='.gmo'
CC='gcc -std=gnu99'
CCDEPMODE='depmode=gcc3'
CFLAGS='-g -DGEANY_DEBUG -g -O2'
CPP='gcc -E'
CPPFLAGS=''
CXX='g++'
CXXCPP='g++ -E'
CXXDEPMODE='depmode=gcc3'
CXXFLAGS='-g -O2'
CYGPATH_W='echo'
DATADIRNAME='share'
DEFS='-DHAVE_CONFIG_H'
DEPDIR='.deps'
DEPENDENCIES='gtk+-2.0 >= 2.16 glib-2.0 >= 2.20'
DLLTOOL='false'
DSYMUTIL=''
DUMPBIN=''
ECHO_C=''
ECHO_N='-n'
ECHO_T=''
EGREP='/bin/grep -E'
EXEEXT=''
FGREP='/bin/grep -F'
GEANY_DATA_DIR='/usr/share/geany'
GETTEXT_PACKAGE='geany'
GMOFILES=' ar.gmo ast.gmo be.gmo bg.gmo ca.gmo cs.gmo de.gmo el.gmo en_GB.gmo es.gmo et.gmo eu.gmo fa.gmo fi.gmo fr.gmo gl.gmo he.gmo hi.gmo hu.gmo id.gmo it.gmo ja.gmo kk.gmo ko.gmo lb.gmo lt.gmo mn.gmo nl.gmo nn.gmo pl.gmo pt.gmo pt_BR.gmo ro.gmo ru.gmo sk.gmo sl.gmo sr.gmo sv.gmo tr.gmo uk.gmo vi.gmo zh_CN.gmo zh_TW.gmo'
GMSGFMT='/usr/bin/msgfmt'
GREP='/bin/grep'
GTHREAD_CFLAGS='-pthread -I/usr/include/glib-2.0 -I/usr/lib/i386-linux-gnu/glib-2.0/include  '
GTHREAD_LIBS='-pthread -lgthread-2.0 -lrt -lglib-2.0  '
GTK3_FALSE=''
GTK3_TRUE='#'
GTK_CFLAGS='-pthread -I/usr/include/gtk-2.0 -I/usr/lib/i386-linux-gnu/gtk-2.0/include -I/usr/include/atk-1.0 -I/usr/include/cairo -I/usr/include/gdk-pixbuf-2.0 -I/usr/include/pango-1.0 -I/usr/include/gio-unix-2.0/ -I/usr/include/glib-2.0 -I/usr/lib/i386-linux-gnu/glib-2.0/include -I/usr/include/pixman-1 -I/usr/include/freetype2 -I/usr/include/libpng12  '
GTK_LIBS='-Wl,--export-dynamic -pthread -lgtk-x11-2.0 -lgdk-x11-2.0 -latk-1.0 -lpangoft2-1.0 -lpangocairo-1.0 -lgdk_pixbuf-2.0 -lcairo -lpango-1.0 -lfreetype -lfontconfig -lgio-2.0 -lgobject-2.0 -lgmodule-2.0 -lrt -lglib-2.0  '
INSTALL_DATA='${INSTALL} -m 644'
INSTALL_PROGRAM='${INSTALL}'
INSTALL_SCRIPT='${INSTALL}'
INSTALL_STRIP_PROGRAM='$(install_sh) -c -s'
INSTOBJEXT='.mo'
INTLLIBS=''
INTLTOOL_CAVES_RULE='%.caves:     %.caves.in     $(INTLTOOL_MERGE) $(wildcard $(top_srcdir)/po/*.po) ; $(INTLTOOL_V_MERGE)LC_ALL=C $(INTLTOOL_MERGE) $(INTLTOOL_V_MERGE_OPTIONS) -d -u -c $(top_builddir)/po/.intltool-merge-cache $(top_srcdir)/po $< $@'
INTLTOOL_DESKTOP_RULE='%.desktop:   %.desktop.in   $(INTLTOOL_MERGE) $(wildcard $(top_srcdir)/po/*.po) ; $(INTLTOOL_V_MERGE)LC_ALL=C $(INTLTOOL_MERGE) $(INTLTOOL_V_MERGE_OPTIONS) -d -u -c $(top_builddir)/po/.intltool-merge-cache $(top_srcdir)/po $< $@'
INTLTOOL_DIRECTORY_RULE='%.directory: %.directory.in $(INTLTOOL_MERGE) $(wildcard $(top_srcdir)/po/*.po) ; $(INTLTOOL_V_MERGE)LC_ALL=C $(INTLTOOL_MERGE) $(INTLTOOL_V_MERGE_OPTIONS) -d -u -c $(top_builddir)/po/.intltool-merge-cache $(top_srcdir)/po $< $@'
INTLTOOL_EXTRACT='/usr/bin/intltool-extract'
INTLTOOL_KBD_RULE='%.kbd:       %.kbd.in       $(INTLTOOL_MERGE) $(wildcard $(top_srcdir)/po/*.po) ; $(INTLTOOL_V_MERGE)LC_ALL=C $(INTLTOOL_MERGE) $(INTLTOOL_V_MERGE_OPTIONS) -x -u -m -c $(top_builddir)/po/.intltool-merge-cache $(top_srcdir)/po $< $@'
INTLTOOL_KEYS_RULE='%.keys:      %.keys.in      $(INTLTOOL_MERGE) $(wildcard $(top_srcdir)/po/*.po) ; $(INTLTOOL_V_MERGE)LC_ALL=C $(INTLTOOL_MERGE) $(INTLTOOL_V_MERGE_OPTIONS) -k -u -c $(top_builddir)/po/.intltool-merge-cache $(top_srcdir)/po $< $@'
INTLTOOL_MERGE='/usr/bin/intltool-merge'
INTLTOOL_OAF_RULE='%.oaf:       %.oaf.in       $(INTLTOOL_MERGE) $(wildcard $(top_srcdir)/po/*.po) ; $(INTLTOOL_V_MERGE)LC_ALL=C $(INTLTOOL_MERGE) $(INTLTOOL_V_MERGE_OPTIONS) -o -p $(top_srcdir)/po $< $@'
INTLTOOL_PERL='/usr/bin/perl'
INTLTOOL_POLICY_RULE='%.policy:    %.policy.in    $(INTLTOOL_MERGE) $(wildcard $(top_srcdir)/po/*.po) ; $(INTLTOOL_V_MERGE)LC_ALL=C $(INTLTOOL_MERGE) $(INTLTOOL_V_MERGE_OPTIONS) -x -u -c $(top_builddir)/po/.intltool-merge-cache $(top_srcdir)/po $< $@'
INTLTOOL_PONG_RULE='%.pong:      %.pong.in      $(INTLTOOL_MERGE) $(wildcard $(top_srcdir)/po/*.po) ; $(INTLTOOL_V_MERGE)LC_ALL=C $(INTLTOOL_MERGE) $(INTLTOOL_V_MERGE_OPTIONS) -x -u -c $(top_builddir)/po/.intltool-merge-cache $(top_srcdir)/po $< $@'
INTLTOOL_PROP_RULE='%.prop:      %.prop.in      $(INTLTOOL_MERGE) $(wildcard $(top_srcdir)/po/*.po) ; $(INTLTOOL_V_MERGE)LC_ALL=C $(INTLTOOL_MERGE) $(INTLTOOL_V_MERGE_OPTIONS) -d -u -c $(top_builddir)/po/.intltool-merge-cache $(top_srcdir)/po $< $@'
INTLTOOL_SCHEMAS_RULE='%.schemas:   %.schemas.in   $(INTLTOOL_MERGE) $(wildcard $(top_srcdir)/po/*.po) ; $(INTLTOOL_V_MERGE)LC_ALL=C $(INTLTOOL_MERGE) $(INTLTOOL_V_MERGE_OPTIONS) -s -u -c $(top_builddir)/po/.intltool-merge-cache $(top_srcdir)/po $< $@'
INTLTOOL_SERVER_RULE='%.server:    %.server.in    $(INTLTOOL_MERGE) $(wildcard $(top_srcdir)/po/*.po) ; $(INTLTOOL_V_MERGE)LC_ALL=C $(INTLTOOL_MERGE) $(INTLTOOL_V_MERGE_OPTIONS) -o -u -c $(top_builddir)/po/.intltool-merge-cache $(top_srcdir)/po $< $@'
INTLTOOL_SERVICE_RULE='%.service: %.service.in   $(INTLTOOL_MERGE) $(wildcard $(top_srcdir)/po/*.po) ; $(INTLTOOL_V_MERGE)LC_ALL=C $(INTLTOOL_MERGE) $(INTLTOOL_V_MERGE_OPTIONS) -d -u -c $(top_builddir)/po/.intltool-merge-cache $(top_srcdir)/po $< $@'
INTLTOOL_SHEET_RULE='%.sheet:     %.sheet.in     $(INTLTOOL_MERGE) $(wildcard $(top_srcdir)/po/*.po) ; $(INTLTOOL_V_MERGE)LC_ALL=C $(INTLTOOL_MERGE) $(INTLTOOL_V_MERGE_OPTIONS) -x -u -c $(top_builddir)/po/.intltool-merge-cache $(top_srcdir)/po $< $@'
INTLTOOL_SOUNDLIST_RULE='%.soundlist: %.soundlist.in $(INTLTOOL_MERGE) $(wildcard $(top_srcdir)/po/*.po) ; $(INTLTOOL_V_MERGE)LC_ALL=C $(INTLTOOL_MERGE) $(INTLTOOL_V_MERGE_OPTIONS) -d -u -c $(top_builddir)/po/.intltool-merge-cache $(top_srcdir)/po $< $@'
INTLTOOL_THEME_RULE='%.theme:     %.theme.in     $(INTLTOOL_MERGE) $(wildcard $(top_srcdir)/po/*.po) ; $(INTLTOOL_V_MERGE)LC_ALL=C $(INTLTOOL_MERGE) $(INTLTOOL_V_MERGE_OPTIONS) -d -u -c $(top_builddir)/po/.intltool-merge-cache $(top_srcdir)/po $< $@'
INTLTOOL_UI_RULE='%.ui:        %.ui.in        $(INTLTOOL_MERGE) $(wildcard $(top_srcdir)/po/*.po) ; $(INTLTOOL_V_MERGE)LC_ALL=C $(INTLTOOL_MERGE) $(INTLTOOL_V_MERGE_OPTIONS) -x -u -c $(top_builddir)/po/.intltool-merge-cache $(top_srcdir)/po $< $@'
INTLTOOL_UPDATE='/usr/bin/intltool-update'
INTLTOOL_V_MERGE='$(INTLTOOL__v_MERGE_$(V))'
INTLTOOL_V_MERGE_OPTIONS='$(intltool__v_merge_options_$(V))'
INTLTOOL_XAM_RULE='%.xam:       %.xml.in       $(INTLTOOL_MERGE) $(wildcard $(top_srcdir)/po/*.po) ; $(INTLTOOL_V_MERGE)LC_ALL=C $(INTLTOOL_MERGE) $(INTLTOOL_V_MERGE_OPTIONS) -x -u -c $(top_builddir)/po/.intltool-merge-cache $(top_srcdir)/po $< $@'
INTLTOOL_XML_NOMERGE_RULE='%.xml:       %.xml.in       $(INTLTOOL_MERGE) ; $(INTLTOOL_V_MERGE)LC_ALL=C $(INTLTOOL_MERGE) $(INTLTOOL_V_MERGE_OPTIONS) -x -u --no-translations $< $@'
INTLTOOL_XML_RULE='%.xml:       %.xml.in       $(INTLTOOL_MERGE) $(wildcard $(top_srcdir)/po/*.po) ; $(INTLTOOL_V_MERGE)LC_ALL=C $(INTLTOOL_MERGE) $(INTLTOOL_V_MERGE_OPTIONS) -x -u -c $(top_builddir)/po/.intltool-merge-cache $(top_srcdir)/po $< $@'
INTLTOOL__v_MERGE_0='@echo "  ITMRG " $@;'
INTLTOOL__v_MERGE_='$(INTLTOOL__v_MERGE_$(AM_DEFAULT_VERBOSITY))'
LD='/usr/bin/ld'
LDFLAGS=''
LIBOBJS=''
LIBS=''
LIBTOOL='$(SHELL) $(top_builddir)/libtool --silent'
LIPO=''
LN_S='ln -s'
LTLIBOBJS=''
MAKEINFO='${SHELL} /home/juvasquezg/clones/geany/build-aux/missing --run makeinfo'
MANIFEST_TOOL=':'
MINGW_FALSE=''
MINGW_TRUE='#'
MKDIR_P='/bin/mkdir -p'
MKINSTALLDIRS='build-aux/mkinstalldirs'
MSGFMT='/usr/bin/msgfmt'
MSGFMT_OPTS='-c'
MSGMERGE='/usr/bin/msgmerge'
NM='/usr/bin/nm -B'
NMEDIT=''
OBJDUMP='objdump'
OBJEXT='o'
OTOOL64=''
OTOOL=''
PACKAGE='geany'
PACKAGE_BUGREPORT='https://sourceforge.net/tracker/?group_id=153444&atid=787791'
PACKAGE_NAME='Geany'
PACKAGE_STRING='Geany 1.24'
PACKAGE_TARNAME='geany'
PACKAGE_URL=''
PACKAGE_VERSION='1.24'
PATH_SEPARATOR=':'
PKG_CONFIG='/usr/bin/pkg-config'
PKG_CONFIG_LIBDIR=''
PKG_CONFIG_PATH=''
PLUGINS_FALSE='#'
PLUGINS_TRUE=''
POFILES=' ar.po ast.po be.po bg.po ca.po cs.po de.po el.po en_GB.po es.po et.po eu.po fa.po fi.po fr.po gl.po he.po hi.po hu.po id.po it.po ja.po kk.po ko.po lb.po lt.po mn.po nl.po nn.po pl.po pt.po pt_BR.po ro.po ru.po sk.po sl.po sr.po sv.po tr.po uk.po vi.po zh_CN.po zh_TW.po'
POSUB='po'
PO_IN_DATADIR_FALSE=''
PO_IN_DATADIR_TRUE=''
RANLIB='ranlib'
SED='/bin/sed'
SET_MAKE=''
SHELL='/bin/bash'
STRIP='strip'
USE_NLS='yes'
VERSION='1.24'
XGETTEXT='/usr/bin/xgettext'
ac_ct_AR='ar'
ac_ct_CC='gcc'
ac_ct_CXX='g++'
ac_ct_DUMPBIN=''
am__EXEEXT_FALSE=''
am__EXEEXT_TRUE='#'
am__fastdepCC_FALSE='#'
am__fastdepCC_TRUE=''
am__fastdepCXX_FALSE='#'
am__fastdepCXX_TRUE=''
am__include='include'
am__isrc=''
am__leading_dot='.'
am__nodep='_no'
am__quote=''
am__tar='$${TAR-tar} chof - "$$tardir"'
am__untar='$${TAR-tar} xf -'
bindir='${exec_prefix}/bin'
build='i686-pc-linux-gnu'
build_alias=''
build_cpu='i686'
build_os='linux-gnu'
build_vendor='pc'
datadir='${datarootdir}'
datarootdir='${prefix}/share'
docdir='${datarootdir}/doc/${PACKAGE_TARNAME}'
dvidir='${docdir}'
exec_prefix='/usr'
host='i686-pc-linux-gnu'
host_alias=''
host_cpu='i686'
host_os='linux-gnu'
host_vendor='pc'
htmldir='${docdir}'
includedir='${prefix}/include'
infodir='${datarootdir}/info'
install_sh='${SHELL} /home/juvasquezg/clones/geany/build-aux/install-sh'
intltool__v_merge_options_0='-q'
intltool__v_merge_options_='$(intltool__v_merge_options_$(AM_DEFAULT_VERBOSITY))'
libdir='${exec_prefix}/lib'
libexecdir='${exec_prefix}/libexec'
localedir='${datarootdir}/locale'
localstatedir='${prefix}/var'
mandir='${datarootdir}/man'
mkdir_p='/bin/mkdir -p'
oldincludedir='/usr/include'
pdfdir='${docdir}'
prefix='/usr'
program_transform_name='s,x,x,'
psdir='${docdir}'
sbindir='${exec_prefix}/sbin'
sharedstatedir='${prefix}/com'
sysconfdir='${prefix}/etc'
target_alias=''

## ----------- ##
## confdefs.h. ##
## ----------- ##

/* confdefs.h */
#define PACKAGE_NAME "Geany"
#define PACKAGE_TARNAME "geany"
#define PACKAGE_VERSION "1.24"
#define PACKAGE_STRING "Geany 1.24"
#define PACKAGE_BUGREPORT "https://sourceforge.net/tracker/?group_id=153444&atid=787791"
#define PACKAGE_URL ""
#define PACKAGE "geany"
#define VERSION "1.24"
#define STDC_HEADERS 1
#define HAVE_SYS_TYPES_H 1
#define HAVE_SYS_STAT_H 1
#define HAVE_STDLIB_H 1
#define HAVE_STRING_H 1
#define HAVE_MEMORY_H 1
#define HAVE_STRINGS_H 1
#define HAVE_INTTYPES_H 1
#define HAVE_STDINT_H 1
#define HAVE_UNISTD_H 1
#define __EXTENSIONS__ 1
#define _ALL_SOURCE 1
#define _GNU_SOURCE 1
#define _POSIX_PTHREAD_SEMANTICS 1
#define _TANDEM_SOURCE 1
#define HAVE_FCNTL_H 1
#define HAVE_FNMATCH_H 1
#define HAVE_GLOB_H 1
#define HAVE_STDLIB_H 1
#define HAVE_SYS_TIME_H 1
#define HAVE_FTRUNCATE 1
#define HAVE_FGETPOS 1
#define HAVE_MKSTEMP 1
#define HAVE_STRERROR 1
#define HAVE_STRSTR 1
#define REVISION "2f120d7"
#define HAVE_REGCOMP 1
#define HAVE_DLFCN_H 1
#define LT_OBJDIR ".libs/"
#define HAVE_PLUGINS 1
#define HAVE_SOCKET 1
#define HAVE_VTE 1
#define GETTEXT_PACKAGE "geany"
#define HAVE_LOCALE_H 1
#define HAVE_LC_MESSAGES 1
#define HAVE_BIND_TEXTDOMAIN_CODESET 1
#define HAVE_GETTEXT 1
#define HAVE_DCGETTEXT 1
#define ENABLE_NLS 1

configure: exit 0
